This is XeTeX, Version 3.14159265-2.6-0.999991 (TeX Live 2019/Debian) (preloaded format=xelatex 2020.9.6)  2 NOV 2020 21:08
entering extended mode
 restricted \write18 enabled.
 %&-line parsing enabled.
**c370-lab-manual.tex
(./c370-lab-manual.tex
LaTeX2e <2020-02-02> patch level 2
L3 programming layer <2020-02-14> (/usr/share/texlive/texmf-dist/tex/latex/tuft
e-latex/tufte-book.cls
Document Class: tufte-book 2015/06/21 v3.5.2 Tufte-book class
(/usr/share/texlive/texmf-dist/tex/latex/tufte-latex/tufte-common.def
File: tufte-common.def 2015/06/21 v3.5.2 Common code for the Tufte-LaTeX styles

(/usr/share/texlive/texmf-dist/tex/latex/xkeyval/xkeyval.sty
Package: xkeyval 2014/12/03 v2.7a package option processing (HA)
(/usr/share/texlive/texmf-dist/tex/generic/xkeyval/xkeyval.tex (/usr/share/texl
ive/texmf-dist/tex/generic/xkeyval/xkvutils.tex
\XKV@toks=\toks14
\XKV@tempa@toks=\toks15
(/usr/share/texlive/texmf-dist/tex/generic/xkeyval/keyval.tex))
\XKV@depth=\count163
File: xkeyval.tex 2014/12/03 v2.7a key=value parser (HA)
)) (/usr/share/texlive/texmf-dist/tex/latex/xifthen/xifthen.sty
Package: xifthen 2015/11/05 v1.4.0 Extended ifthen features
(/usr/share/texlive/texmf-dist/tex/latex/tools/calc.sty
Package: calc 2017/05/25 v4.3 Infix arithmetic (KKT,FJ)
\calc@Acount=\count164
\calc@Bcount=\count165
\calc@Adimen=\dimen134
\calc@Bdimen=\dimen135
\calc@Askip=\skip47
\calc@Bskip=\skip48
LaTeX Info: Redefining \setlength on input line 80.
LaTeX Info: Redefining \addtolength on input line 81.
\calc@Ccount=\count166
\calc@Cskip=\skip49
) (/usr/share/texlive/texmf-dist/tex/latex/base/ifthen.sty
Package: ifthen 2014/09/29 v1.1c Standard LaTeX ifthen package (DPC)
) (/usr/share/texlive/texmf-dist/tex/latex/ifmtarg/ifmtarg.sty
Package: ifmtarg 2018/04/16 v1.2b check for an empty argument
)) (/usr/share/texlive/texmf-dist/tex/latex/hardwrap/hardwrap.sty
Package: hardwrap 2011/02/12 v0.2 Hard wrap messages
(/usr/share/texlive/texmf-dist/tex/latex/ifplatform/ifplatform.sty
Package: ifplatform 2017/10/13 v0.4a Testing for the operating system
(/usr/share/texlive/texmf-dist/tex/latex/tools/shellesc.sty
Package: shellesc 2019/11/08 v1.0c unified shell escape interface for LaTeX
Package shellesc Info: Restricted shell escape enabled on input line 77.
) (/usr/share/texlive/texmf-dist/tex/latex/pdftexcmds/pdftexcmds.sty
Package: pdftexcmds 2019/11/24 v0.31 Utility functions of pdfTeX for LuaTeX (HO
)
(/usr/share/texlive/texmf-dist/tex/generic/infwarerr/infwarerr.sty
Package: infwarerr 2019/12/03 v1.5 Providing info/warning/error messages (HO)
) (/usr/share/texlive/texmf-dist/tex/generic/iftex/iftex.sty
Package: iftex 2019/11/07 v1.0c TeX engine tests
) (/usr/share/texlive/texmf-dist/tex/generic/ltxcmds/ltxcmds.sty
Package: ltxcmds 2019/12/15 v1.24 LaTeX kernel commands for general use (HO)
)
Package pdftexcmds Info: \pdf@primitive is available.
Package pdftexcmds Info: \pdf@ifprimitive is available.
Package pdftexcmds Info: \pdfdraftmode not found.
) (/usr/share/texlive/texmf-dist/tex/generic/catchfile/catchfile.sty
Package: catchfile 2019/12/09 v1.8 Catch the contents of a file (HO)
(/usr/share/texlive/texmf-dist/tex/generic/etexcmds/etexcmds.sty
Package: etexcmds 2019/12/15 v1.7 Avoid name clashes with e-TeX commands (HO)
)) (/usr/share/texlive/texmf-dist/tex/generic/iftex/ifluatex.sty
Package: ifluatex 2019/10/25 v1.5 ifluatex legacy package. Use iftex instead.
)

Package ifplatform Warning: 
    shell escape is disabled, so I can only detect \ifwindows.

) (/usr/share/texlive/texmf-dist/tex/generic/iftex/ifxetex.sty
Package: ifxetex 2019/10/25 v0.7 ifxetex legacy package. Use iftex instead.
)
\hw@charcount=\count167
\hw@wordcount=\count168
\hw@maxprintline=\count169
)
Class tufte-book Info: Loading the base class `book'
(/usr/share/texlive/texmf-dist/tex/latex/base/book.cls
Document Class: book 2019/12/20 v1.4l Standard LaTeX document class
(/usr/share/texlive/texmf-dist/tex/latex/base/bk10.clo
File: bk10.clo 2019/12/20 v1.4l Standard LaTeX file (size option)
)
\c@part=\count170
\c@chapter=\count171
\c@section=\count172
\c@subsection=\count173
\c@subsubsection=\count174
\c@paragraph=\count175
\c@subparagraph=\count176
\c@figure=\count177
\c@table=\count178
\abovecaptionskip=\skip50
\belowcaptionskip=\skip51
\bibindent=\dimen136
) (/usr/share/texlive/texmf-dist/tex/generic/iftex/ifpdf.sty
Package: ifpdf 2019/10/25 v3.4 ifpdf legacy package. Use iftex instead.
) (/usr/share/texlive/texmf-dist/tex/xelatex/xltxtra/xltxtra.sty
Package: xltxtra 2018/12/31 v0.7 Improvements for the "XeLaTeX" format
(/usr/share/texlive/texmf-dist/tex/latex/fontspec/fontspec.sty (/usr/share/texl
ive/texmf-dist/tex/latex/l3packages/xparse/xparse.sty (/usr/share/texlive/texmf
-dist/tex/latex/l3kernel/expl3.sty
Package: expl3 2020-02-14 L3 programming layer (loader) 
(/usr/share/texlive/texmf-dist/tex/latex/l3backend/l3backend-xdvipdfmx.def
File: l3backend-xdvipdfmx.def 2020-02-03 L3 backend support: xdvipdfmx
\g__graphics_track_int=\count179
\l__pdf_internal_box=\box45
\g__pdf_backend_object_int=\count180
\g__pdf_backend_annotation_int=\count181
))
Package: xparse 2020-02-14 L3 Experimental document command parser
\l__xparse_current_arg_int=\count182
\g__xparse_grabber_int=\count183
\l__xparse_m_args_int=\count184
\l__xparse_v_nesting_int=\count185
)
Package: fontspec 2020/02/03 v2.7h Font selection for XeLaTeX and LuaLaTeX
(/usr/share/texlive/texmf-dist/tex/latex/fontspec/fontspec-xetex.sty
Package: fontspec-xetex 2020/02/03 v2.7h Font selection for XeLaTeX and LuaLaTe
X
\l__fontspec_script_int=\count186
\l__fontspec_language_int=\count187
\l__fontspec_strnum_int=\count188
\l__fontspec_tmp_int=\count189
\l__fontspec_tmpa_int=\count190
\l__fontspec_tmpb_int=\count191
\l__fontspec_tmpc_int=\count192
\l__fontspec_em_int=\count193
\l__fontspec_emdef_int=\count194
\l__fontspec_strong_int=\count195
\l__fontspec_strongdef_int=\count196
\l__fontspec_tmpa_dim=\dimen137
\l__fontspec_tmpb_dim=\dimen138
\l__fontspec_tmpc_dim=\dimen139
(/usr/share/texlive/texmf-dist/tex/latex/base/fontenc.sty
Package: fontenc 2020/02/11 v2.0o Standard LaTeX package
) (/usr/share/texlive/texmf-dist/tex/latex/fontspec/fontspec.cfg))) (/usr/share
/texlive/texmf-dist/tex/latex/realscripts/realscripts.sty
Package: realscripts 2016/02/13 v0.3d Access OpenType subscripts and superscrip
ts
\subsupersep=\dimen140
) (/usr/share/texlive/texmf-dist/tex/latex/metalogo/metalogo.sty
Package: metalogo 2010/05/29 v0.12 Extended TeX logo macros
(/usr/share/texlive/texmf-dist/tex/latex/graphics/graphicx.sty
Package: graphicx 2019/11/30 v1.2a Enhanced LaTeX Graphics (DPC,SPQR)
(/usr/share/texlive/texmf-dist/tex/latex/graphics/graphics.sty
Package: graphics 2019/11/30 v1.4a Standard LaTeX Graphics (DPC,SPQR)
(/usr/share/texlive/texmf-dist/tex/latex/graphics/trig.sty
Package: trig 2016/01/03 v1.10 sin cos tan (DPC)
) (/usr/share/texlive/texmf-dist/tex/latex/graphics-cfg/graphics.cfg
File: graphics.cfg 2016/06/04 v1.11 sample graphics configuration
)
Package graphics Info: Driver file: xetex.def on input line 105.
(/usr/share/texlive/texmf-dist/tex/latex/graphics-def/xetex.def
File: xetex.def 2017/06/24 v5.0h Graphics/color driver for xetex
))
\Gin@req@height=\dimen141
\Gin@req@width=\dimen142
)
\xl@everylogo=\toks16
\xl@@everylogo=\toks17
LaTeX Info: Redefining \TeX on input line 193.
LaTeX Info: Redefining \LaTeX on input line 202.
LaTeX Info: Redefining \LaTeXe on input line 219.
)
\l__xetex_show_hyphens_wrapping_box=\box46
\l__xetex_show_hyphens_temp_box=\box47
\l__xetex_show_hyphens_final_box=\box48
\g__xetex_show_hyphens_word_box=\box49
) (/usr/share/texlive/texmf-dist/tex/latex/titlesec/titlesec.sty
Package: titlesec 2019/10/16 v2.13 Sectioning titles
\ttl@box=\box50
\beforetitleunit=\skip52
\aftertitleunit=\skip53
\ttl@plus=\dimen143
\ttl@minus=\dimen144
\ttl@toksa=\toks18
\titlewidth=\dimen145
\titlewidthlast=\dimen146
\titlewidthfirst=\dimen147
) (/usr/share/texlive/texmf-dist/tex/latex/titlesec/titletoc.sty
Package: titletoc 2019/10/16 v2.13 TOC entries
\ttl@leftsep=\dimen148
) (/usr/share/texlive/texmf-dist/tex/latex/hyperref/hyperref.sty
Package: hyperref 2020/01/14 v7.00d Hypertext links for LaTeX
(/usr/share/texlive/texmf-dist/tex/generic/kvsetkeys/kvsetkeys.sty
Package: kvsetkeys 2019/12/15 v1.18 Key value parser (HO)
) (/usr/share/texlive/texmf-dist/tex/generic/kvdefinekeys/kvdefinekeys.sty
Package: kvdefinekeys 2019-12-19 v1.6 Define keys (HO)
) (/usr/share/texlive/texmf-dist/tex/generic/pdfescape/pdfescape.sty
Package: pdfescape 2019/12/09 v1.15 Implements pdfTeX's escape features (HO)
) (/usr/share/texlive/texmf-dist/tex/latex/hycolor/hycolor.sty
Package: hycolor 2020-01-27 v1.10 Color options for hyperref/bookmark (HO)
) (/usr/share/texlive/texmf-dist/tex/latex/letltxmacro/letltxmacro.sty
Package: letltxmacro 2019/12/03 v1.6 Let assignment for LaTeX macros (HO)
) (/usr/share/texlive/texmf-dist/tex/latex/auxhook/auxhook.sty
Package: auxhook 2019-12-17 v1.6 Hooks for auxiliary files (HO)
) (/usr/share/texlive/texmf-dist/tex/latex/kvoptions/kvoptions.sty
Package: kvoptions 2019/11/29 v3.13 Key value format for package options (HO)
)
\@linkdim=\dimen149
\Hy@linkcounter=\count197
\Hy@pagecounter=\count198
(/usr/share/texlive/texmf-dist/tex/latex/hyperref/pd1enc.def
File: pd1enc.def 2020/01/14 v7.00d Hyperref: PDFDocEncoding definition (HO)
) (/usr/share/texlive/texmf-dist/tex/generic/intcalc/intcalc.sty
Package: intcalc 2019/12/15 v1.3 Expandable calculations with integers (HO)
)
\Hy@SavedSpaceFactor=\count199
Package hyperref Info: Option `unicode' set `true' on input line 4421.
(/usr/share/texlive/texmf-dist/tex/latex/hyperref/puenc.def
File: puenc.def 2020/01/14 v7.00d Hyperref: PDF Unicode definition (HO)
)
Package hyperref Info: Option `hyperfootnotes' set `false' on input line 4421.
Package hyperref Info: Hyper figures OFF on input line 4547.
Package hyperref Info: Link nesting OFF on input line 4552.
Package hyperref Info: Hyper index ON on input line 4555.
Package hyperref Info: Plain pages OFF on input line 4562.
Package hyperref Info: Backreferencing OFF on input line 4567.
Package hyperref Info: Implicit mode ON; LaTeX internals redefined.
Package hyperref Info: Bookmarks ON on input line 4800.
\c@Hy@tempcnt=\count266
(/usr/share/texlive/texmf-dist/tex/latex/url/url.sty
\Urlmuskip=\muskip16
Package: url 2013/09/16  ver 3.4  Verb mode for urls, etc.
)
LaTeX Info: Redefining \url on input line 5159.
\XeTeXLinkMargin=\dimen150
(/usr/share/texlive/texmf-dist/tex/generic/bitset/bitset.sty
Package: bitset 2019/12/09 v1.3 Handle bit-vector datatype (HO)
(/usr/share/texlive/texmf-dist/tex/generic/bigintcalc/bigintcalc.sty
Package: bigintcalc 2019/12/15 v1.5 Expandable calculations on big integers (HO
)
))
\Fld@menulength=\count267
\Field@Width=\dimen151
\Fld@charsize=\dimen152
Package hyperref Info: Hyper figures OFF on input line 6430.
Package hyperref Info: Link nesting OFF on input line 6435.
Package hyperref Info: Hyper index ON on input line 6438.
Package hyperref Info: backreferencing OFF on input line 6445.
Package hyperref Info: Link coloring OFF on input line 6450.
Package hyperref Info: Link coloring with OCG OFF on input line 6455.
Package hyperref Info: PDF/A mode OFF on input line 6460.
LaTeX Info: Redefining \ref on input line 6500.
LaTeX Info: Redefining \pageref on input line 6504.
(/usr/share/texlive/texmf-dist/tex/generic/atbegshi/atbegshi.sty
Package: atbegshi 2019/12/05 v1.19 At begin shipout hook (HO)
)
\Hy@abspage=\count268
\c@Item=\count269
)
Package hyperref Info: Driver: hxetex.
(/usr/share/texlive/texmf-dist/tex/latex/hyperref/hxetex.def
File: hxetex.def 2020/01/14 v7.00d Hyperref driver for XeTeX
(/usr/share/texlive/texmf-dist/tex/generic/stringenc/stringenc.sty
Package: stringenc 2019/11/29 v1.12 Convert strings between diff. encodings (HO
)
)
\pdfm@box=\box51
\c@Hy@AnnotLevel=\count270
\HyField@AnnotCount=\count271
\Fld@listcount=\count272
\c@bookmark@seq@number=\count273
(/usr/share/texlive/texmf-dist/tex/latex/rerunfilecheck/rerunfilecheck.sty
Package: rerunfilecheck 2019/12/05 v1.9 Rerun checks for auxiliary files (HO)
(/usr/share/texlive/texmf-dist/tex/latex/atveryend/atveryend.sty
Package: atveryend 2019-12-11 v1.11 Hooks at the very end of document (HO)
Package atveryend Info: \enddocument detected (standard20110627).
) (/usr/share/texlive/texmf-dist/tex/generic/uniquecounter/uniquecounter.sty
Package: uniquecounter 2019/12/15 v1.4 Provide unlimited unique counter (HO)
)
Package uniquecounter Info: New unique counter `rerunfilecheck' on input line 2
86.
)
\Hy@SectionHShift=\skip54
) (/usr/share/texlive/texmf-dist/tex/latex/ragged2e/ragged2e.sty
Package: ragged2e 2019/07/28 v2.2 ragged2e Package (MS)
(/usr/share/texlive/texmf-dist/tex/latex/ms/everysel.sty
Package: everysel 2011/10/28 v1.2 EverySelectfont Package (MS)
)
\CenteringLeftskip=\skip55
\RaggedLeftLeftskip=\skip56
\RaggedRightLeftskip=\skip57
\CenteringRightskip=\skip58
\RaggedLeftRightskip=\skip59
\RaggedRightRightskip=\skip60
\CenteringParfillskip=\skip61
\RaggedLeftParfillskip=\skip62
\RaggedRightParfillskip=\skip63
\JustifyingParfillskip=\skip64
\CenteringParindent=\skip65
\RaggedLeftParindent=\skip66
\RaggedRightParindent=\skip67
\JustifyingParindent=\skip68
) (/usr/share/texlive/texmf-dist/tex/latex/geometry/geometry.sty
Package: geometry 2020/01/02 v5.9 Page Geometry
(/usr/share/texlive/texmf-dist/tex/generic/iftex/ifvtex.sty
Package: ifvtex 2019/10/25 v1.7 ifvtex legacy package. Use iftex instead.
)
\Gm@cnth=\count274
\Gm@cntv=\count275
\c@Gm@tempcnt=\count276
\Gm@bindingoffset=\dimen153
\Gm@wd@mp=\dimen154
\Gm@odd@mp=\dimen155
\Gm@even@mp=\dimen156
\Gm@layoutwidth=\dimen157
\Gm@layoutheight=\dimen158
\Gm@layouthoffset=\dimen159
\Gm@layoutvoffset=\dimen160
\Gm@dimlist=\toks19
) (/usr/share/texlive/texmf-dist/tex/latex/changepage/changepage.sty
Package: changepage 2009/10/20 v1.0c check page and change page layout
\c@cp@cntr=\count277
\cp@tempcnt=\count278
)
\@tufte@overhang=\skip69
\@tufte@fullwidth=\skip70
\@tufte@caption@fill=\skip71
(/usr/share/texlive/texmf-dist/tex/latex/paralist/paralist.sty
Package: paralist 2017/01/22 v2.7 Extended list environments
\pltopsep=\skip72
\plpartopsep=\skip73
\plitemsep=\skip74
\plparsep=\skip75
\pl@lab=\toks20
) (/usr/share/texlive/texmf-dist/tex/latex/textcase/textcase.sty
Package: textcase 2019/09/14 v1.00 Text only upper/lower case changing (DPC)
) (/usr/share/texlive/texmf-dist/tex/latex/soul/soul.sty
Package: soul 2003/11/17 v2.4 letterspacing/underlining (mf)
\SOUL@word=\toks21
\SOUL@lasttoken=\toks22
\SOUL@cmds=\toks23
\SOUL@buffer=\toks24
\SOUL@token=\toks25
\SOUL@spaceskip=\skip76
\SOUL@ttwidth=\dimen161
\SOUL@uldp=\dimen162
\SOUL@ulht=\dimen163
)
LaTeX Info: Redefining \allcapsspacing on input line 737.
LaTeX Info: Redefining \smallcapsspacing on input line 737.
(/usr/share/texlive/texmf-dist/tex/latex/setspace/setspace.sty
Package: setspace 2011/12/19 v6.7a set line spacing
) (/usr/share/texlive/texmf-dist/tex/latex/xcolor/xcolor.sty
Package: xcolor 2016/05/11 v2.12 LaTeX color extensions (UK)
(/usr/share/texlive/texmf-dist/tex/latex/graphics-cfg/color.cfg
File: color.cfg 2016/01/02 v1.6 sample color configuration
)
Package xcolor Info: Package option `usenames' ignored on input line 216.
Package xcolor Info: Driver file: xetex.def on input line 225.
Package xcolor Info: Model `cmy' substituted by `cmy0' on input line 1348.
Package xcolor Info: Model `RGB' extended on input line 1364.
Package xcolor Info: Model `HTML' substituted by `rgb' on input line 1366.
Package xcolor Info: Model `Hsb' substituted by `hsb' on input line 1367.
Package xcolor Info: Model `tHsb' substituted by `hsb' on input line 1368.
Package xcolor Info: Model `HSB' substituted by `hsb' on input line 1369.
Package xcolor Info: Model `Gray' substituted by `gray' on input line 1370.
Package xcolor Info: Model `wave' substituted by `hsb' on input line 1371.
(/usr/share/texlive/texmf-dist/tex/latex/graphics/dvipsnam.def
File: dvipsnam.def 2016/06/17 v3.0m Driver-dependent file (DPC,SPQR)
) (/usr/share/texlive/texmf-dist/tex/latex/xcolor/svgnam.def
File: svgnam.def 2016/05/11 v2.12 Predefined colors according to SVG 1.1 (UK)
)) (/usr/share/texlive/texmf-dist/tex/latex/natbib/natbib.sty
Package: natbib 2010/09/13 8.31b (PWD, AO)
\bibhang=\skip77
\bibsep=\skip78
LaTeX Info: Redefining \cite on input line 694.
\c@NAT@ctr=\count279
) (/usr/share/texlive/texmf-dist/tex/latex/natbib/bibentry.sty
Package: bibentry 2007/10/30 1.5 (PWD)
)
No file c370-lab-manual.bbl.
\c@@tufte@num@bibkeys=\count280
(/usr/share/texlive/texmf-dist/tex/latex/sauerj/optparams.sty
Package: optparams 2004/08/14 v0.9 multiple optional parameters in macros
)
\@tufte@sidenote@vertical@offset=\skip79
(/usr/share/texlive/texmf-dist/tex/latex/placeins/placeins.sty
Package: placeins 2005/04/18  v 2.2
)
\@tufte@margin@floatbox=\box52
\@tufte@figure@box=\box53
\@tufte@caption@box=\box54
\@tufte@caption@vertical@offset=\skip80
\@tufte@float@contents@width=\skip81
(/usr/share/texlive/texmf-dist/tex/latex/fancyhdr/fancyhdr.sty
Package: fancyhdr 2019/01/31 v3.10 Extensive control of page headers and footer
s
\f@nch@headwidth=\skip82
\f@nch@O@elh=\skip83
\f@nch@O@erh=\skip84
\f@nch@O@olh=\skip85
\f@nch@O@orh=\skip86
\f@nch@O@elf=\skip87
\f@nch@O@erf=\skip88
\f@nch@O@olf=\skip89
\f@nch@O@orf=\skip90
)
\tufteskipamount=\skip91
(/usr/share/texlive/texmf-dist/tex/latex/tools/multicol.sty
Package: multicol 2019/12/09 v1.8y multicolumn formatting (FMi)
\c@tracingmulticols=\count281
\mult@box=\box55
\multicol@leftmargin=\dimen164
\c@unbalance=\count282
\c@collectmore=\count283
\doublecol@number=\count284
\multicoltolerance=\count285
\multicolpretolerance=\count286
\full@width=\dimen165
\page@free=\dimen166
\premulticols=\dimen167
\postmulticols=\dimen168
\multicolsep=\skip92
\multicolbaselineskip=\skip93
\partial@page=\box56
\last@line=\box57
\maxbalancingoverflow=\dimen169
\mult@rightbox=\box58
\mult@grightbox=\box59
\mult@gfirstbox=\box60
\mult@firstbox=\box61
\@tempa=\box62
\@tempa=\box63
\@tempa=\box64
\@tempa=\box65
\@tempa=\box66
\@tempa=\box67
\@tempa=\box68
\@tempa=\box69
\@tempa=\box70
\@tempa=\box71
\@tempa=\box72
\@tempa=\box73
\@tempa=\box74
\@tempa=\box75
\@tempa=\box76
\@tempa=\box77
\@tempa=\box78
\@tempa=\box79
\@tempa=\box80
\@tempa=\box81
\@tempa=\box82
\@tempa=\box83
\@tempa=\box84
\@tempa=\box85
\@tempa=\box86
\@tempa=\box87
\@tempa=\box88
\@tempa=\box89
\@tempa=\box90
\@tempa=\box91
\@tempa=\box92
\@tempa=\box93
\@tempa=\box94
\@tempa=\box95
\@tempa=\box96
\@tempa=\box97
\@tempa=\box98
\c@minrows=\count287
\c@columnbadness=\count288
\c@finalcolumnbadness=\count289
\last@try=\dimen170
\multicolovershoot=\dimen171
\multicolundershoot=\dimen172
\mult@nat@firstbox=\box99
\colbreak@box=\box100
\mc@col@check@num=\count290
))) (/usr/share/texlive/texmf-dist/tex/latex/amsfonts/amssymb.sty
Package: amssymb 2013/01/14 v3.01 AMS font symbols
(/usr/share/texlive/texmf-dist/tex/latex/amsfonts/amsfonts.sty
Package: amsfonts 2013/01/14 v3.01 Basic AMSFonts support
\@emptytoks=\toks26
\symAMSa=\mathgroup4
\symAMSb=\mathgroup5
LaTeX Font Info:    Redeclaring math symbol \hbar on input line 98.
LaTeX Font Info:    Overwriting math alphabet `\mathfrak' in version `bold'
(Font)                  U/euf/m/n --> U/euf/b/n on input line 106.
)) (/usr/share/texlive/texmf-dist/tex/latex/amsmath/amsmath.sty
Package: amsmath 2020/01/20 v2.17e AMS math features
\@mathmargin=\skip94
For additional information on amsmath, use the `?' option.
(/usr/share/texlive/texmf-dist/tex/latex/amsmath/amstext.sty
Package: amstext 2000/06/29 v2.01 AMS text
(/usr/share/texlive/texmf-dist/tex/latex/amsmath/amsgen.sty
File: amsgen.sty 1999/11/30 v2.0 generic functions
\@emptytoks=\toks27
\ex@=\dimen173
)) (/usr/share/texlive/texmf-dist/tex/latex/amsmath/amsbsy.sty
Package: amsbsy 1999/11/29 v1.2d Bold Symbols
\pmbraise@=\dimen174
) (/usr/share/texlive/texmf-dist/tex/latex/amsmath/amsopn.sty
Package: amsopn 2016/03/08 v2.02 operator names
)
\inf@bad=\count291
LaTeX Info: Redefining \frac on input line 227.
\uproot@=\count292
\leftroot@=\count293
LaTeX Info: Redefining \overline on input line 389.
\classnum@=\count294
\DOTSCASE@=\count295
LaTeX Info: Redefining \ldots on input line 486.
LaTeX Info: Redefining \dots on input line 489.
LaTeX Info: Redefining \cdots on input line 610.
\Mathstrutbox@=\box101
\strutbox@=\box102
\big@size=\dimen175
LaTeX Font Info:    Redeclaring font encoding OML on input line 733.
LaTeX Font Info:    Redeclaring font encoding OMS on input line 734.
\macc@depth=\count296
\c@MaxMatrixCols=\count297
\dotsspace@=\muskip17
\c@parentequation=\count298
\dspbrk@lvl=\count299
\tag@help=\toks28
\row@=\count300
\column@=\count301
\maxfields@=\count302
\andhelp@=\toks29
\eqnshift@=\dimen176
\alignsep@=\dimen177
\tagshift@=\dimen178
\tagwidth@=\dimen179
\totwidth@=\dimen180
\lineht@=\dimen181
\@envbody=\toks30
\multlinegap=\skip95
\multlinetaggap=\skip96
\mathdisplay@stack=\toks31
LaTeX Info: Redefining \[ on input line 2859.
LaTeX Info: Redefining \] on input line 2860.
) (/usr/share/texlive/texmf-dist/tex/latex/base/fixltx2e.sty
Package: fixltx2e 2016/12/29 v2.1a fixes to LaTeX (obsolete)
Applying: [2015/01/01] Old fixltx2e package on input line 46.

Package fixltx2e Warning: fixltx2e is not required with releases after 2015
(fixltx2e)                All fixes are now in the LaTeX kernel.
(fixltx2e)                See the latexrelease package for details.

Already applied: [0000/00/00] Old fixltx2e package on input line 53.
) (/usr/share/texlive/texmf-dist/tex/latex/booktabs/booktabs.sty
Package: booktabs 2020/01/12 v1.61803398 Publication quality tables
\heavyrulewidth=\dimen182
\lightrulewidth=\dimen183
\cmidrulewidth=\dimen184
\belowrulesep=\dimen185
\belowbottomsep=\dimen186
\aboverulesep=\dimen187
\abovetopsep=\dimen188
\cmidrulesep=\dimen189
\cmidrulekern=\dimen190
\defaultaddspace=\dimen191
\@cmidla=\count303
\@cmidlb=\count304
\@aboverulesep=\dimen192
\@belowrulesep=\dimen193
\@thisruleclass=\count305
\@lastruleclass=\count306
\@thisrulewidth=\dimen194
) (/usr/share/texlive/texmf-dist/tex/latex/units/units.sty
Package: units 1998/08/04 v0.9b Typesetting units
(/usr/share/texlive/texmf-dist/tex/latex/units/nicefrac.sty
Package: nicefrac 1998/08/04 v0.9b Nice fractions
\L@UnitsRaiseDisplaystyle=\skip97
\L@UnitsRaiseTextstyle=\skip98
\L@UnitsRaiseScriptstyle=\skip99
)) (/usr/share/texlive/texmf-dist/tex/latex/fancyvrb/fancyvrb.sty
Package: fancyvrb 2020/01/13 v3.5 verbatim text (tvz,hv)
\FV@CodeLineNo=\count307
\FV@InFile=\read2
\FV@TabBox=\box103
\c@FancyVerbLine=\count308
\FV@StepNumber=\count309
\FV@OutFile=\write3
) (/usr/share/texlive/texmf-dist/tex/latex/tools/longtable.sty
Package: longtable 2020/01/07 v4.13 Multi-page Table package (DPC)
\LTleft=\skip100
\LTright=\skip101
\LTpre=\skip102
\LTpost=\skip103
\LTchunksize=\count310
\LTcapwidth=\dimen195
\LT@head=\box104
\LT@firsthead=\box105
\LT@foot=\box106
\LT@lastfoot=\box107
\LT@cols=\count311
\LT@rows=\count312
\c@LT@tables=\count313
\c@LT@chunks=\count314
\LT@p@ftn=\toks32
) (/usr/share/texlive/texmf-dist/tex/generic/ulem/ulem.sty
\UL@box=\box108
\UL@hyphenbox=\box109
\UL@skip=\skip104
\UL@hook=\toks33
\UL@height=\dimen196
\UL@pe=\count315
\UL@pixel=\dimen197
\ULC@box=\box110
Package: ulem 2019/11/18
\ULdepth=\dimen198
) (/usr/share/texlive/texmf-dist/tex/latex/morefloats/morefloats.sty
Package: morefloats 2015/07/22 v1.0h Raise limit of unprocessed floats (HMM)
Package morefloats Info: Maximum number of possible floats asked for: 36
(morefloats)             (i.e. 18 more floats).
(morefloats)             LaTeX might run out of memory before this
(morefloats)             (in which case it will notify you).
) (./c370-lab-manual.aux

LaTeX Warning: Label `overview' multiply defined.


LaTeX Warning: Label `student-learning-outcomes-by-the-end-of-this-lab-students
-will' multiply defined.


LaTeX Warning: Label `to-turn-in-you-should-turn-a-zip-folder-containing' multi
ply defined.


LaTeX Warning: Label `student-learning-outcomes-by-the-end-of-this-lab-students
-will' multiply defined.


LaTeX Warning: Label `materials' multiply defined.


LaTeX Warning: Label `to-turn-in' multiply defined.


LaTeX Warning: Label `student-learning-outcomes-by-the-end-of-this-lab-students
-will' multiply defined.


LaTeX Warning: Label `safety' multiply defined.


LaTeX Warning: Label `waste-disposal-and-cleanup' multiply defined.


LaTeX Warning: Label `reference' multiply defined.


LaTeX Warning: Label `objective' multiply defined.


LaTeX Warning: Label `to-turn-in' multiply defined.


LaTeX Warning: Label `student-learning-outcomes-by-the-end-of-this-lab-students
-will' multiply defined.


LaTeX Warning: Label `western-analysts' multiply defined.


LaTeX Warning: Label `your-job-is-to-screen-the-products-for' multiply defined.



LaTeX Warning: Label `sample-information' multiply defined.


LaTeX Warning: Label `record-keeping' multiply defined.


LaTeX Warning: Label `keep-in-mind' multiply defined.


LaTeX Warning: Label `safety' multiply defined.


LaTeX Warning: Label `standard-preparation' multiply defined.


LaTeX Warning: Label `running-standards' multiply defined.


LaTeX Warning: Label `sample-preparation' multiply defined.


LaTeX Warning: Label `running-samples' multiply defined.


LaTeX Warning: Label `waste-disposal-and-cleanup' multiply defined.


LaTeX Warning: Label `standard-curve-and-concentrations' multiply defined.


LaTeX Warning: Label `safety-1' multiply defined.


LaTeX Warning: Label `instrumentation' multiply defined.


LaTeX Warning: Label `waste-disposal-and-cleanup-1' multiply defined.


LaTeX Warning: Label `data-processing' multiply defined.


LaTeX Warning: Label `safety-2' multiply defined.


LaTeX Warning: Label `safety-3' multiply defined.


LaTeX Warning: Label `standard-preparation-1' multiply defined.


LaTeX Warning: Label `running-samples-1' multiply defined.


LaTeX Warning: Label `waste-disposal-and-cleanup-2' multiply defined.


LaTeX Warning: Label `reference' multiply defined.


LaTeX Warning: Label `limits-of-detection-and-quantitation' multiply defined.

)
\openout1 = `c370-lab-manual.aux'.

LaTeX Font Info:    Checking defaults for OML/cmm/m/it on input line 109.
LaTeX Font Info:    ... okay on input line 109.
LaTeX Font Info:    Checking defaults for OMS/cmsy/m/n on input line 109.
LaTeX Font Info:    ... okay on input line 109.
LaTeX Font Info:    Checking defaults for OT1/cmr/m/n on input line 109.
LaTeX Font Info:    ... okay on input line 109.
LaTeX Font Info:    Checking defaults for T1/cmr/m/n on input line 109.
LaTeX Font Info:    ... okay on input line 109.
LaTeX Font Info:    Checking defaults for TS1/cmr/m/n on input line 109.
LaTeX Font Info:    Trying to load font information for TS1+cmr on input line 1
09.
(/usr/share/texlive/texmf-dist/tex/latex/base/ts1cmr.fd
File: ts1cmr.fd 2019/12/16 v2.5j Standard LaTeX font definitions
)
LaTeX Font Info:    ... okay on input line 109.
LaTeX Font Info:    Checking defaults for TU/lmr/m/n on input line 109.
LaTeX Font Info:    ... okay on input line 109.
LaTeX Font Info:    Checking defaults for OMX/cmex/m/n on input line 109.
LaTeX Font Info:    ... okay on input line 109.
LaTeX Font Info:    Checking defaults for U/cmr/m/n on input line 109.
LaTeX Font Info:    ... okay on input line 109.
LaTeX Font Info:    Checking defaults for PD1/pdf/m/n on input line 109.
LaTeX Font Info:    ... okay on input line 109.
LaTeX Font Info:    Checking defaults for PU/pdf/m/n on input line 109.
LaTeX Font Info:    ... okay on input line 109.

Package fontspec Info: Adjusting the maths setup (use [no-math] to avoid
(fontspec)             this).

\symlegacymaths=\mathgroup6
LaTeX Font Info:    Overwriting symbol font `legacymaths' in version `bold'
(Font)                  OT1/cmr/m/n --> OT1/cmr/bx/n on input line 109.
LaTeX Font Info:    Redeclaring math accent \acute on input line 109.
LaTeX Font Info:    Redeclaring math accent \grave on input line 109.
LaTeX Font Info:    Redeclaring math accent \ddot on input line 109.
LaTeX Font Info:    Redeclaring math accent \tilde on input line 109.
LaTeX Font Info:    Redeclaring math accent \bar on input line 109.
LaTeX Font Info:    Redeclaring math accent \breve on input line 109.
LaTeX Font Info:    Redeclaring math accent \check on input line 109.
LaTeX Font Info:    Redeclaring math accent \hat on input line 109.
LaTeX Font Info:    Redeclaring math accent \dot on input line 109.
LaTeX Font Info:    Redeclaring math accent \mathring on input line 109.
LaTeX Font Info:    Redeclaring math symbol \Gamma on input line 109.
LaTeX Font Info:    Redeclaring math symbol \Delta on input line 109.
LaTeX Font Info:    Redeclaring math symbol \Theta on input line 109.
LaTeX Font Info:    Redeclaring math symbol \Lambda on input line 109.
LaTeX Font Info:    Redeclaring math symbol \Xi on input line 109.
LaTeX Font Info:    Redeclaring math symbol \Pi on input line 109.
LaTeX Font Info:    Redeclaring math symbol \Sigma on input line 109.
LaTeX Font Info:    Redeclaring math symbol \Upsilon on input line 109.
LaTeX Font Info:    Redeclaring math symbol \Phi on input line 109.
LaTeX Font Info:    Redeclaring math symbol \Psi on input line 109.
LaTeX Font Info:    Redeclaring math symbol \Omega on input line 109.
LaTeX Font Info:    Redeclaring math symbol \mathdollar on input line 109.
LaTeX Font Info:    Redeclaring symbol font `operators' on input line 109.
LaTeX Font Info:    Encoding `OT1' has changed to `TU' for symbol font
(Font)              `operators' in the math version `normal' on input line 109.

LaTeX Font Info:    Overwriting symbol font `operators' in version `normal'
(Font)                  OT1/cmr/m/n --> TU/lmr/m/n on input line 109.
LaTeX Font Info:    Encoding `OT1' has changed to `TU' for symbol font
(Font)              `operators' in the math version `bold' on input line 109.
LaTeX Font Info:    Overwriting symbol font `operators' in version `bold'
(Font)                  OT1/cmr/bx/n --> TU/lmr/m/n on input line 109.
LaTeX Font Info:    Overwriting symbol font `operators' in version `normal'
(Font)                  TU/lmr/m/n --> TU/lmr/m/n on input line 109.
LaTeX Font Info:    Overwriting math alphabet `\mathit' in version `normal'
(Font)                  OT1/cmr/m/it --> TU/lmr/m/it on input line 109.
LaTeX Font Info:    Overwriting math alphabet `\mathbf' in version `normal'
(Font)                  OT1/cmr/bx/n --> TU/lmr/b/n on input line 109.
LaTeX Font Info:    Overwriting math alphabet `\mathsf' in version `normal'
(Font)                  OT1/cmss/m/n --> TU/lmss/m/n on input line 109.
LaTeX Font Info:    Overwriting math alphabet `\mathtt' in version `normal'
(Font)                  OT1/cmtt/m/n --> TU/lmtt/m/n on input line 109.
LaTeX Font Info:    Overwriting symbol font `operators' in version `bold'
(Font)                  TU/lmr/m/n --> TU/lmr/b/n on input line 109.
LaTeX Font Info:    Overwriting math alphabet `\mathit' in version `bold'
(Font)                  OT1/cmr/bx/it --> TU/lmr/b/it on input line 109.
LaTeX Font Info:    Overwriting math alphabet `\mathsf' in version `bold'
(Font)                  OT1/cmss/bx/n --> TU/lmss/b/n on input line 109.
LaTeX Font Info:    Overwriting math alphabet `\mathtt' in version `bold'
(Font)                  OT1/cmtt/m/n --> TU/lmtt/b/n on input line 109.
\AtBeginShipoutBox=\box111
Package hyperref Info: Link coloring OFF on input line 109.
(/usr/share/texlive/texmf-dist/tex/latex/hyperref/nameref.sty
Package: nameref 2019/09/16 v2.46 Cross-referencing by name of section
(/usr/share/texlive/texmf-dist/tex/latex/refcount/refcount.sty
Package: refcount 2019/12/15 v3.6 Data extraction from label references (HO)
) (/usr/share/texlive/texmf-dist/tex/generic/gettitlestring/gettitlestring.sty
Package: gettitlestring 2019/12/15 v1.6 Cleanup title references (HO)
)
\c@section@level=\count316
)
LaTeX Info: Redefining \ref on input line 109.
LaTeX Info: Redefining \pageref on input line 109.
LaTeX Info: Redefining \nameref on input line 109.
(./c370-lab-manual.out) (./c370-lab-manual.out)
\@outlinefile=\write4
\openout4 = `c370-lab-manual.out'.

ABD: EverySelectfont initializing macros
LaTeX Info: Redefining \selectfont on input line 109.
*geometry* driver: auto-detecting
*geometry* detected driver: xetex
*geometry* verbose mode - [ preamble ] result:
* driver: xetex
* paper: letterpaper
* layout: <same size as paper>
* layoutoffset:(h,v)=(0.0pt,0.0pt)
* modes: twoside asymmetric 
* h-part:(L,W,R)=(72.26999pt, 312.0pt, 230.02501pt)
* v-part:(T,H,B)=(72.26999pt, 616.0pt, 106.7pt)
* \paperwidth=614.295pt
* \paperheight=794.96999pt
* \textwidth=312.0pt
* \textheight=616.0pt
* \oddsidemargin=0.0pt
* \evensidemargin=0.0pt
* \topmargin=-42.0pt
* \headheight=14.0pt
* \headsep=28.0pt
* \topskip=10.0pt
* \footskip=25.29494pt
* \marginparwidth=144.0pt
* \marginparsep=24.0pt
* \columnsep=10.0pt
* \skip\footins=9.0pt plus 4.0pt minus 2.0pt
* \hoffset=0.0pt
* \voffset=0.0pt
* \mag=1000
* \@twocolumnfalse
* \@twosidetrue
* \@mparswitchfalse
* \@reversemarginfalse
* (1in=72.27pt=25.4mm, 1cm=28.453pt)

\langwohyphens=\language7

Package fontspec Warning: \addfontfeature(s) ignored on line 111; it cannot be
(fontspec)                used with a font that wasn't selected by a fontspec
(fontspec)                command.
(fontspec)                 
(fontspec)                 The current font is "\TU/lmss/m/n/18 ".
(fontspec)                  The requested feature is "LetterSpace=15". 


Package fontspec Warning: \addfontfeature(s) ignored on line 111; it cannot be
(fontspec)                used with a font that wasn't selected by a fontspec
(fontspec)                command.
(fontspec)                 
(fontspec)                 The current font is "\TU/lmss/m/n/36 ".
(fontspec)                  The requested feature is "LetterSpace=15". 


Package fontspec Warning: \addfontfeature(s) ignored on line 111; it cannot be
(fontspec)                used with a font that wasn't selected by a fontspec
(fontspec)                command.
(fontspec)                 
(fontspec)                 The current font is "\TU/lmss/m/n/14 ".
(fontspec)                  The requested feature is "LetterSpace=15". 

[1


] [2


] (./c370-lab-manual.toc [3]

Package fontspec Warning: \addfontfeature(s) ignored on line 190; it cannot be
(fontspec)                used with a font that wasn't selected by a fontspec
(fontspec)                command.
(fontspec)                 
(fontspec)                 The current font is "\TU/lmr/m/n/10 ".
(fontspec)                  The requested feature is "LetterSpace=10". 

[4])
\tf@toc=\write5
\openout5 = `c370-lab-manual.toc'.


Package fontspec Warning: \addfontfeature(s) ignored on line 122; it cannot be
(fontspec)                used with a font that wasn't selected by a fontspec
(fontspec)                command.
(fontspec)                 
(fontspec)                 The current font is "\TU/lmr/m/n/10 ".
(fontspec)                  The requested feature is "LetterSpace=10". 

[5] [6

]
File: images/cover-image-mass-spec.png Graphic file (type bmp)
<images/cover-image-mass-spec.png>
[7] [8

]

Package hyperref Warning: The anchor of a bookmark and its parent's must not
(hyperref)                be the same. Added a new anchor on input line 143.


Overfull \hbox (83.15007pt too wide) in alignment at lines 147--151
 [] [] 
 []


Overfull \hbox (83.15007pt too wide) in alignment at lines 151--157
 [] [] 
 []


Underfull \vbox (badness 10000) has occurred while \output is active []

[9]
LaTeX Font Info:    Trying to load font information for U+msa on input line 191
.
(/usr/share/texlive/texmf-dist/tex/latex/amsfonts/umsa.fd
File: umsa.fd 2013/01/14 v3.01 AMS symbols A
)
LaTeX Font Info:    Trying to load font information for U+msb on input line 191
.
(/usr/share/texlive/texmf-dist/tex/latex/amsfonts/umsb.fd
File: umsb.fd 2013/01/14 v3.01 AMS symbols B
)

Package fontspec Warning: \addfontfeature(s) ignored on line 200; it cannot be
(fontspec)                used with a font that wasn't selected by a fontspec
(fontspec)                command.
(fontspec)                 
(fontspec)                 The current font is "\TU/lmr/m/n/10 ".
(fontspec)                  The requested feature is "LetterSpace=10". 

[10] [11

]

Package fontspec Warning: \addfontfeature(s) ignored on line 279; it cannot be
(fontspec)                used with a font that wasn't selected by a fontspec
(fontspec)                command.
(fontspec)                 
(fontspec)                 The current font is "\TU/lmr/m/n/10 ".
(fontspec)                  The requested feature is "LetterSpace=10". 

[12]

Package fontspec Warning: \addfontfeature(s) ignored on line 354; it cannot be
(fontspec)                used with a font that wasn't selected by a fontspec
(fontspec)                command.
(fontspec)                 
(fontspec)                 The current font is "\TU/lmr/m/n/10 ".
(fontspec)                  The requested feature is "LetterSpace=10". 

[13]

Package fontspec Warning: \addfontfeature(s) ignored on line 389; it cannot be
(fontspec)                used with a font that wasn't selected by a fontspec
(fontspec)                command.
(fontspec)                 
(fontspec)                 The current font is "\TU/lmr/m/n/10 ".
(fontspec)                  The requested feature is "LetterSpace=10". 

[14]

Package fontspec Warning: \addfontfeature(s) ignored on line 421; it cannot be
(fontspec)                used with a font that wasn't selected by a fontspec
(fontspec)                command.
(fontspec)                 
(fontspec)                 The current font is "\TU/lmr/m/n/10 ".
(fontspec)                  The requested feature is "LetterSpace=10". 

[15]

Package fontspec Warning: \addfontfeature(s) ignored on line 451; it cannot be
(fontspec)                used with a font that wasn't selected by a fontspec
(fontspec)                command.
(fontspec)                 
(fontspec)                 The current font is "\TU/lmr/m/n/10 ".
(fontspec)                  The requested feature is "LetterSpace=10". 

[16]
Underfull \vbox (badness 1895) has occurred while \output is active []


Package fontspec Warning: \addfontfeature(s) ignored on line 471; it cannot be
(fontspec)                used with a font that wasn't selected by a fontspec
(fontspec)                command.
(fontspec)                 
(fontspec)                 The current font is "\TU/lmr/m/n/10 ".
(fontspec)                  The requested feature is "LetterSpace=10". 

[17]

Package fontspec Warning: \addfontfeature(s) ignored on line 483; it cannot be
(fontspec)                used with a font that wasn't selected by a fontspec
(fontspec)                command.
(fontspec)                 
(fontspec)                 The current font is "\TU/lmr/m/n/10 ".
(fontspec)                  The requested feature is "LetterSpace=10". 

[18]

Package fontspec Warning: \addfontfeature(s) ignored on line 505; it cannot be
(fontspec)                used with a font that wasn't selected by a fontspec
(fontspec)                command.
(fontspec)                 
(fontspec)                 The current font is "\TU/lmr/m/n/10 ".
(fontspec)                  The requested feature is "LetterSpace=10". 

[19]

Package fontspec Warning: \addfontfeature(s) ignored on line 525; it cannot be
(fontspec)                used with a font that wasn't selected by a fontspec
(fontspec)                command.
(fontspec)                 
(fontspec)                 The current font is "\TU/lmr/m/n/10 ".
(fontspec)                  The requested feature is "LetterSpace=10". 

[20] [21

] [22]
Chapter 1.
[23

]
Overfull \hbox (0.42003pt too wide) in paragraph at lines 590--591
\TU/lmr/bx/n/10 R \TU/lmr/m/n/10 is the programming language we’ll use to proce
ss data this semester. 
 []


Package fontspec Warning: \addfontfeature(s) ignored on line 591; it cannot be
(fontspec)                used with a font that wasn't selected by a fontspec
(fontspec)                command.
(fontspec)                 
(fontspec)                 The current font is "\TU/lmr/m/n/10 ".
(fontspec)                  The requested feature is "LetterSpace=10". 

[24]

Package fontspec Warning: \addfontfeature(s) ignored on line 646; it cannot be
(fontspec)                used with a font that wasn't selected by a fontspec
(fontspec)                command.
(fontspec)                 
(fontspec)                 The current font is "\TU/lmr/m/n/10 ".
(fontspec)                  The requested feature is "LetterSpace=10". 

[25]
LaTeX Font Info:    Font shape `TU/lmtt/bx/n' in size <10> not available
(Font)              Font shape `TU/lmtt/b/n' tried instead on input line 647.

Overfull \hbox (15.76001pt too wide) in paragraph at lines 695--697
[]\TU/lmr/m/n/10 Create a \TU/lmr/bx/n/10 New Directory\TU/lmr/m/n/10 /\TU/lmr/
bx/n/10 New Folder \TU/lmr/m/n/10 and call in \TU/lmtt/b/n/10 lab-notebooks\TU/
lmr/m/n/10 .  
 []


Package fontspec Warning: \addfontfeature(s) ignored on line 712; it cannot be
(fontspec)                used with a font that wasn't selected by a fontspec
(fontspec)                command.
(fontspec)                 
(fontspec)                 The current font is "\TU/lmr/m/n/10 ".
(fontspec)                  The requested feature is "LetterSpace=10". 

[26]

Package fontspec Warning: \addfontfeature(s) ignored on line 720; it cannot be
(fontspec)                used with a font that wasn't selected by a fontspec
(fontspec)                command.
(fontspec)                 
(fontspec)                 The current font is "\TU/lmr/m/n/10 ".
(fontspec)                  The requested feature is "LetterSpace=10". 

[27] [28

]
Chapter 2.

Overfull \hbox (4.24002pt too wide) in paragraph at lines 752--754
[]\TU/lmr/m/n/10 Estimate the signal to noise ratio (S/N) for two gas chromatog
raphs.  
 []

[29]
Overfull \hbox (53.46002pt too wide) in paragraph at lines 811--812
|   []  
 []


Package fontspec Warning: \addfontfeature(s) ignored on line 830; it cannot be
(fontspec)                used with a font that wasn't selected by a fontspec
(fontspec)                command.
(fontspec)                 
(fontspec)                 The current font is "\TU/lmr/m/n/10 ".
(fontspec)                  The requested feature is "LetterSpace=10". 

[30]

Package fontspec Warning: \addfontfeature(s) ignored on line 906; it cannot be
(fontspec)                used with a font that wasn't selected by a fontspec
(fontspec)                command.
(fontspec)                 
(fontspec)                 The current font is "\TU/lmr/m/n/10 ".
(fontspec)                  The requested feature is "LetterSpace=10". 

[31]

Package fontspec Warning: \addfontfeature(s) ignored on line 964; it cannot be
(fontspec)                used with a font that wasn't selected by a fontspec
(fontspec)                command.
(fontspec)                 
(fontspec)                 The current font is "\TU/lmr/m/n/10 ".
(fontspec)                  The requested feature is "LetterSpace=10". 

[32]

Package fontspec Warning: \addfontfeature(s) ignored on line 1009; it cannot
(fontspec)                be used with a font that wasn't selected by a
(fontspec)                fontspec command.
(fontspec)                 
(fontspec)                 The current font is "\TU/lmr/m/n/10 ".
(fontspec)                  The requested feature is "LetterSpace=10". 

[33]
Overfull \hbox (7.01003pt too wide) in paragraph at lines 1057--1058
\TU/lmr/m/n/10 ple? Write “yes” or “no” and save the answer as \TU/lmtt/m/n/10 
solventPeak.agree\TU/lmr/m/n/10 .  
 []


Overfull \hbox (55.13002pt too wide) in paragraph at lines 1071--1072
\TU/lmr/m/n/10 type of error causing the disagreement? Save the answer as \TU/l
mtt/m/n/10 solventPeak.error\TU/lmr/m/n/10 .  
 []


Package fontspec Warning: \addfontfeature(s) ignored on line 1156; it cannot
(fontspec)                be used with a font that wasn't selected by a
(fontspec)                fontspec command.
(fontspec)                 
(fontspec)                 The current font is "\TU/lmr/m/n/10 ".
(fontspec)                  The requested feature is "LetterSpace=10". 

[34]

Package fontspec Warning: \addfontfeature(s) ignored on line 1320; it cannot
(fontspec)                be used with a font that wasn't selected by a
(fontspec)                fontspec command.
(fontspec)                 
(fontspec)                 The current font is "\TU/lmr/m/n/10 ".
(fontspec)                  The requested feature is "LetterSpace=10". 

[35]

Package fontspec Warning: \addfontfeature(s) ignored on line 1355; it cannot
(fontspec)                be used with a font that wasn't selected by a
(fontspec)                fontspec command.
(fontspec)                 
(fontspec)                 The current font is "\TU/lmr/m/n/10 ".
(fontspec)                  The requested feature is "LetterSpace=10". 

[36]
Chapter 3.
[37

]

Package fontspec Warning: \addfontfeature(s) ignored on line 1431; it cannot
(fontspec)                be used with a font that wasn't selected by a
(fontspec)                fontspec command.
(fontspec)                 
(fontspec)                 The current font is "\TU/lmr/m/n/10 ".
(fontspec)                  The requested feature is "LetterSpace=10". 

[38]

LaTeX Warning: Marginpar on page 39 moved.


Package fontspec Warning: \addfontfeature(s) ignored on line 1518; it cannot
(fontspec)                be used with a font that wasn't selected by a
(fontspec)                fontspec command.
(fontspec)                 
(fontspec)                 The current font is "\TU/lmr/m/n/10 ".
(fontspec)                  The requested feature is "LetterSpace=10". 

[39]

Package fontspec Warning: \addfontfeature(s) ignored on line 1598; it cannot
(fontspec)                be used with a font that wasn't selected by a
(fontspec)                fontspec command.
(fontspec)                 
(fontspec)                 The current font is "\TU/lmr/m/n/10 ".
(fontspec)                  The requested feature is "LetterSpace=10". 

[40]

Package fontspec Warning: \addfontfeature(s) ignored on line 1698; it cannot
(fontspec)                be used with a font that wasn't selected by a
(fontspec)                fontspec command.
(fontspec)                 
(fontspec)                 The current font is "\TU/lmr/m/n/10 ".
(fontspec)                  The requested feature is "LetterSpace=10". 

[41]
Overfull \vbox (32.64891pt too high) has occurred while \output is active []


Package fontspec Warning: \addfontfeature(s) ignored on line 1871; it cannot
(fontspec)                be used with a font that wasn't selected by a
(fontspec)                fontspec command.
(fontspec)                 
(fontspec)                 The current font is "\TU/lmr/m/n/10 ".
(fontspec)                  The requested feature is "LetterSpace=10". 

[42]

Package fontspec Warning: \addfontfeature(s) ignored on line 1924; it cannot
(fontspec)                be used with a font that wasn't selected by a
(fontspec)                fontspec command.
(fontspec)                 
(fontspec)                 The current font is "\TU/lmr/m/n/10 ".
(fontspec)                  The requested feature is "LetterSpace=10". 

[43] [44

] [45] [46]
Chapter 4.
[47

]
File: ../assets/img/e-cigarette-cdc.jpg Graphic file (type bmp)
<../assets/img/e-cigarette-cdc.jpg>

Overfull \hbox (1.16002pt too wide) in paragraph at lines 2016--2017
[]\TU/lmr/m/n/10 General adulteration using FTIR and the Hit Quality Index meth
od 
 []


Package fontspec Warning: \addfontfeature(s) ignored on line 2020; it cannot
(fontspec)                be used with a font that wasn't selected by a
(fontspec)                fontspec command.
(fontspec)                 
(fontspec)                 The current font is "\TU/lmr/m/n/10 ".
(fontspec)                  The requested feature is "LetterSpace=10". 

[48]

Package fontspec Warning: \addfontfeature(s) ignored on line 2060; it cannot
(fontspec)                be used with a font that wasn't selected by a
(fontspec)                fontspec command.
(fontspec)                 
(fontspec)                 The current font is "\TU/lmr/m/n/10 ".
(fontspec)                  The requested feature is "LetterSpace=10". 

[49]
Underfull \vbox (badness 10000) has occurred while \output is active []


Package fontspec Warning: \addfontfeature(s) ignored on line 2095; it cannot
(fontspec)                be used with a font that wasn't selected by a
(fontspec)                fontspec command.
(fontspec)                 
(fontspec)                 The current font is "\TU/lmr/m/n/10 ".
(fontspec)                  The requested feature is "LetterSpace=10". 

[50]

Package fontspec Warning: \addfontfeature(s) ignored on line 2179; it cannot
(fontspec)                be used with a font that wasn't selected by a
(fontspec)                fontspec command.
(fontspec)                 
(fontspec)                 The current font is "\TU/lmr/m/n/10 ".
(fontspec)                  The requested feature is "LetterSpace=10". 

[51]

Package fontspec Warning: \addfontfeature(s) ignored on line 2280; it cannot
(fontspec)                be used with a font that wasn't selected by a
(fontspec)                fontspec command.
(fontspec)                 
(fontspec)                 The current font is "\TU/lmr/m/n/10 ".
(fontspec)                  The requested feature is "LetterSpace=10". 

[52]

Package fontspec Warning: \addfontfeature(s) ignored on line 2291; it cannot
(fontspec)                be used with a font that wasn't selected by a
(fontspec)                fontspec command.
(fontspec)                 
(fontspec)                 The current font is "\TU/lmr/m/n/10 ".
(fontspec)                  The requested feature is "LetterSpace=10". 

[53]

Package fontspec Warning: \addfontfeature(s) ignored on line 2344; it cannot
(fontspec)                be used with a font that wasn't selected by a
(fontspec)                fontspec command.
(fontspec)                 
(fontspec)                 The current font is "\TU/lmr/m/n/10 ".
(fontspec)                  The requested feature is "LetterSpace=10". 

[54]

Package fontspec Warning: \addfontfeature(s) ignored on line 2435; it cannot
(fontspec)                be used with a font that wasn't selected by a
(fontspec)                fontspec command.
(fontspec)                 
(fontspec)                 The current font is "\TU/lmr/m/n/10 ".
(fontspec)                  The requested feature is "LetterSpace=10". 

[55]

Package fontspec Warning: \addfontfeature(s) ignored on line 2543; it cannot
(fontspec)                be used with a font that wasn't selected by a
(fontspec)                fontspec command.
(fontspec)                 
(fontspec)                 The current font is "\TU/lmr/m/n/10 ".
(fontspec)                  The requested feature is "LetterSpace=10". 

[56]

Package fontspec Warning: \addfontfeature(s) ignored on line 2635; it cannot
(fontspec)                be used with a font that wasn't selected by a
(fontspec)                fontspec command.
(fontspec)                 
(fontspec)                 The current font is "\TU/lmr/m/n/10 ".
(fontspec)                  The requested feature is "LetterSpace=10". 

[57]

Package fontspec Warning: \addfontfeature(s) ignored on line 2677; it cannot
(fontspec)                be used with a font that wasn't selected by a
(fontspec)                fontspec command.
(fontspec)                 
(fontspec)                 The current font is "\TU/lmr/m/n/10 ".
(fontspec)                  The requested feature is "LetterSpace=10". 

[58]

Package fontspec Warning: \addfontfeature(s) ignored on line 2751; it cannot
(fontspec)                be used with a font that wasn't selected by a
(fontspec)                fontspec command.
(fontspec)                 
(fontspec)                 The current font is "\TU/lmr/m/n/10 ".
(fontspec)                  The requested feature is "LetterSpace=10". 

[59]

Package fontspec Warning: \addfontfeature(s) ignored on line 2824; it cannot
(fontspec)                be used with a font that wasn't selected by a
(fontspec)                fontspec command.
(fontspec)                 
(fontspec)                 The current font is "\TU/lmr/m/n/10 ".
(fontspec)                  The requested feature is "LetterSpace=10". 

[60]

Package fontspec Warning: \addfontfeature(s) ignored on line 2883; it cannot
(fontspec)                be used with a font that wasn't selected by a
(fontspec)                fontspec command.
(fontspec)                 
(fontspec)                 The current font is "\TU/lmr/m/n/10 ".
(fontspec)                  The requested feature is "LetterSpace=10". 

[61]
Overfull \hbox (35.53001pt too wide) in paragraph at lines 2896--2898
[]\TU/lmr/m/n/10 Warm up the HPLC according to the HPLC SOP. Use the \TU/lmtt/m
/n/10 CHEM370_Vape.M 
 []


Package fontspec Warning: \addfontfeature(s) ignored on line 2966; it cannot
(fontspec)                be used with a font that wasn't selected by a
(fontspec)                fontspec command.
(fontspec)                 
(fontspec)                 The current font is "\TU/lmr/m/n/10 ".
(fontspec)                  The requested feature is "LetterSpace=10". 

[62]

LaTeX Warning: Marginpar on page 63 moved.


Package fontspec Warning: \addfontfeature(s) ignored on line 3064; it cannot
(fontspec)                be used with a font that wasn't selected by a
(fontspec)                fontspec command.
(fontspec)                 
(fontspec)                 The current font is "\TU/lmr/m/n/10 ".
(fontspec)                  The requested feature is "LetterSpace=10". 

[63]

Package fontspec Warning: \addfontfeature(s) ignored on line 3178; it cannot
(fontspec)                be used with a font that wasn't selected by a
(fontspec)                fontspec command.
(fontspec)                 
(fontspec)                 The current font is "\TU/lmr/m/n/10 ".
(fontspec)                  The requested feature is "LetterSpace=10". 

[64]

Package fontspec Warning: \addfontfeature(s) ignored on line 3243; it cannot
(fontspec)                be used with a font that wasn't selected by a
(fontspec)                fontspec command.
(fontspec)                 
(fontspec)                 The current font is "\TU/lmr/m/n/10 ".
(fontspec)                  The requested feature is "LetterSpace=10". 

[65] [66

]
Chapter 5.
[67]

Package fontspec Warning: \addfontfeature(s) ignored on line 3341; it cannot
(fontspec)                be used with a font that wasn't selected by a
(fontspec)                fontspec command.
(fontspec)                 
(fontspec)                 The current font is "\TU/lmr/m/n/10 ".
(fontspec)                  The requested feature is "LetterSpace=10". 

[68]

Package fontspec Warning: \addfontfeature(s) ignored on line 3362; it cannot
(fontspec)                be used with a font that wasn't selected by a
(fontspec)                fontspec command.
(fontspec)                 
(fontspec)                 The current font is "\TU/lmr/m/n/10 ".
(fontspec)                  The requested feature is "LetterSpace=10". 

[69]

Package fontspec Warning: \addfontfeature(s) ignored on line 3411; it cannot
(fontspec)                be used with a font that wasn't selected by a
(fontspec)                fontspec command.
(fontspec)                 
(fontspec)                 The current font is "\TU/lmr/m/n/10 ".
(fontspec)                  The requested feature is "LetterSpace=10". 

[70]
Overfull \hbox (82.78001pt too wide) in paragraph at lines 3421--3423
[]\TU/lmr/m/n/10 Warm up the HPLC according to the HPLC SOP. Use the \TU/lmtt/m
/n/10 CHEM370_acetaminophen.M 
 []


Package fontspec Warning: \addfontfeature(s) ignored on line 3509; it cannot
(fontspec)                be used with a font that wasn't selected by a
(fontspec)                fontspec command.
(fontspec)                 
(fontspec)                 The current font is "\TU/lmr/m/n/10 ".
(fontspec)                  The requested feature is "LetterSpace=10". 

[71]

LaTeX Warning: Marginpar on page 72 moved.


Package fontspec Warning: \addfontfeature(s) ignored on line 3593; it cannot
(fontspec)                be used with a font that wasn't selected by a
(fontspec)                fontspec command.
(fontspec)                 
(fontspec)                 The current font is "\TU/lmr/m/n/10 ".
(fontspec)                  The requested feature is "LetterSpace=10". 

[72]

Package fontspec Warning: \addfontfeature(s) ignored on line 3708; it cannot
(fontspec)                be used with a font that wasn't selected by a
(fontspec)                fontspec command.
(fontspec)                 
(fontspec)                 The current font is "\TU/lmr/m/n/10 ".
(fontspec)                  The requested feature is "LetterSpace=10". 

[73]

Package fontspec Warning: \addfontfeature(s) ignored on line 3758; it cannot
(fontspec)                be used with a font that wasn't selected by a
(fontspec)                fontspec command.
(fontspec)                 
(fontspec)                 The current font is "\TU/lmr/m/n/10 ".
(fontspec)                  The requested feature is "LetterSpace=10". 

[74]

Package fontspec Warning: \addfontfeature(s) ignored on line 3806; it cannot
(fontspec)                be used with a font that wasn't selected by a
(fontspec)                fontspec command.
(fontspec)                 
(fontspec)                 The current font is "\TU/lmr/m/n/10 ".
(fontspec)                  The requested feature is "LetterSpace=10". 

[75]

Package fontspec Warning: \addfontfeature(s) ignored on line 3871; it cannot
(fontspec)                be used with a font that wasn't selected by a
(fontspec)                fontspec command.
(fontspec)                 
(fontspec)                 The current font is "\TU/lmr/m/n/10 ".
(fontspec)                  The requested feature is "LetterSpace=10". 

[76]

Package fontspec Warning: \addfontfeature(s) ignored on line 3957; it cannot
(fontspec)                be used with a font that wasn't selected by a
(fontspec)                fontspec command.
(fontspec)                 
(fontspec)                 The current font is "\TU/lmr/m/n/10 ".
(fontspec)                  The requested feature is "LetterSpace=10". 

[77]
Overfull \hbox (24.52002pt too wide) in paragraph at lines 3991--3992
[]\TU/lmr/m/n/10 Run a solvent blank on the GC-MS using the \TU/lmtt/m/n/10 CHE
M370_Acetaminophen.M 
 []


Underfull \vbox (badness 10000) has occurred while \output is active []


Package fontspec Warning: \addfontfeature(s) ignored on line 3992; it cannot
(fontspec)                be used with a font that wasn't selected by a
(fontspec)                fontspec command.
(fontspec)                 
(fontspec)                 The current font is "\TU/lmr/m/n/10 ".
(fontspec)                  The requested feature is "LetterSpace=10". 

[78]

Package fontspec Warning: \addfontfeature(s) ignored on line 4073; it cannot
(fontspec)                be used with a font that wasn't selected by a
(fontspec)                fontspec command.
(fontspec)                 
(fontspec)                 The current font is "\TU/lmr/m/n/10 ".
(fontspec)                  The requested feature is "LetterSpace=10". 

[79]

Package fontspec Warning: \addfontfeature(s) ignored on line 4178; it cannot
(fontspec)                be used with a font that wasn't selected by a
(fontspec)                fontspec command.
(fontspec)                 
(fontspec)                 The current font is "\TU/lmr/m/n/10 ".
(fontspec)                  The requested feature is "LetterSpace=10". 

[80]

Package fontspec Warning: \addfontfeature(s) ignored on line 4182; it cannot
(fontspec)                be used with a font that wasn't selected by a
(fontspec)                fontspec command.
(fontspec)                 
(fontspec)                 The current font is "\TU/lmr/m/n/10 ".
(fontspec)                  The requested feature is "LetterSpace=10". 

[81]

Package fontspec Warning: \addfontfeature(s) ignored on line 4250; it cannot
(fontspec)                be used with a font that wasn't selected by a
(fontspec)                fontspec command.
(fontspec)                 
(fontspec)                 The current font is "\TU/lmr/m/n/10 ".
(fontspec)                  The requested feature is "LetterSpace=10". 

[82]

Package fontspec Warning: \addfontfeature(s) ignored on line 4349; it cannot
(fontspec)                be used with a font that wasn't selected by a
(fontspec)                fontspec command.
(fontspec)                 
(fontspec)                 The current font is "\TU/lmr/m/n/10 ".
(fontspec)                  The requested feature is "LetterSpace=10". 

[83]

Package fontspec Warning: \addfontfeature(s) ignored on line 4497; it cannot
(fontspec)                be used with a font that wasn't selected by a
(fontspec)                fontspec command.
(fontspec)                 
(fontspec)                 The current font is "\TU/lmr/m/n/10 ".
(fontspec)                  The requested feature is "LetterSpace=10". 

[84]

Package fontspec Warning: \addfontfeature(s) ignored on line 4506; it cannot
(fontspec)                be used with a font that wasn't selected by a
(fontspec)                fontspec command.
(fontspec)                 
(fontspec)                 The current font is "\TU/lmr/m/n/10 ".
(fontspec)                  The requested feature is "LetterSpace=10". 

[85] [86

]

Package hyperref Warning: The anchor of a bookmark and its parent's must not
(hyperref)                be the same. Added a new anchor on input line 4517.

[87]
File: ./images/chromatogram.png Graphic file (type bmp)
<./images/chromatogram.png>
File: ./images/mass-spectrum.png Graphic file (type bmp)
<./images/mass-spectrum.png>

Overfull \hbox (20.25pt too wide) in paragraph at lines 4589--4590
[]\TU/lmtt/m/n/10 A = peakArea([chromatogram[:, "TIME COLUMN"], chromatogram[:,
 
 []


Package fontspec Warning: \addfontfeature(s) ignored on line 4598; it cannot
(fontspec)                be used with a font that wasn't selected by a
(fontspec)                fontspec command.
(fontspec)                 
(fontspec)                 The current font is "\TU/lmr/m/n/10 ".
(fontspec)                  The requested feature is "LetterSpace=10". 

[88]

Package fontspec Warning: \addfontfeature(s) ignored on line 4620; it cannot
(fontspec)                be used with a font that wasn't selected by a
(fontspec)                fontspec command.
(fontspec)                 
(fontspec)                 The current font is "\TU/lmr/m/n/10 ".
(fontspec)                  The requested feature is "LetterSpace=10". 

[89]

Package fontspec Warning: \addfontfeature(s) ignored on line 4686; it cannot
(fontspec)                be used with a font that wasn't selected by a
(fontspec)                fontspec command.
(fontspec)                 
(fontspec)                 The current font is "\TU/lmr/m/n/10 ".
(fontspec)                  The requested feature is "LetterSpace=10". 

[90]
File: ./images/ir-spectrum-example.png Graphic file (type bmp)
<./images/ir-spectrum-example.png>

Package fontspec Warning: \addfontfeature(s) ignored on line 4725; it cannot
(fontspec)                be used with a font that wasn't selected by a
(fontspec)                fontspec command.
(fontspec)                 
(fontspec)                 The current font is "\TU/lmr/m/n/10 ".
(fontspec)                  The requested feature is "LetterSpace=10". 

[91]

Package fontspec Warning: \addfontfeature(s) ignored on line 4746; it cannot
(fontspec)                be used with a font that wasn't selected by a
(fontspec)                fontspec command.
(fontspec)                 
(fontspec)                 The current font is "\TU/lmr/m/n/10 ".
(fontspec)                  The requested feature is "LetterSpace=10". 

[92]

Package hyperref Warning: The anchor of a bookmark and its parent's must not
(hyperref)                be the same. Added a new anchor on input line 4773.

[93

]

Package fontspec Warning: \addfontfeature(s) ignored on line 4857; it cannot
(fontspec)                be used with a font that wasn't selected by a
(fontspec)                fontspec command.
(fontspec)                 
(fontspec)                 The current font is "\TU/lmr/m/n/10 ".
(fontspec)                  The requested feature is "LetterSpace=10". 

[94]

Package fontspec Warning: \addfontfeature(s) ignored on line 4898; it cannot
(fontspec)                be used with a font that wasn't selected by a
(fontspec)                fontspec command.
(fontspec)                 
(fontspec)                 The current font is "\TU/lmr/m/n/10 ".
(fontspec)                  The requested feature is "LetterSpace=10". 

[95] [96

] [97]

Package fontspec Warning: \addfontfeature(s) ignored on line 4967; it cannot
(fontspec)                be used with a font that wasn't selected by a
(fontspec)                fontspec command.
(fontspec)                 
(fontspec)                 The current font is "\TU/lmr/m/n/10 ".
(fontspec)                  The requested feature is "LetterSpace=10". 

[98]

Package fontspec Warning: \addfontfeature(s) ignored on line 4996; it cannot
(fontspec)                be used with a font that wasn't selected by a
(fontspec)                fontspec command.
(fontspec)                 
(fontspec)                 The current font is "\TU/lmr/m/n/10 ".
(fontspec)                  The requested feature is "LetterSpace=10". 

[99]
Underfull \vbox (badness 10000) has occurred while \output is active []


Package fontspec Warning: \addfontfeature(s) ignored on line 5059; it cannot
(fontspec)                be used with a font that wasn't selected by a
(fontspec)                fontspec command.
(fontspec)                 
(fontspec)                 The current font is "\TU/lmr/m/n/10 ".
(fontspec)                  The requested feature is "LetterSpace=10". 

[100]

Package fontspec Warning: \addfontfeature(s) ignored on line 5074; it cannot
(fontspec)                be used with a font that wasn't selected by a
(fontspec)                fontspec command.
(fontspec)                 
(fontspec)                 The current font is "\TU/lmr/m/n/10 ".
(fontspec)                  The requested feature is "LetterSpace=10". 

[101] [102

]
Overfull \hbox (11.1321pt too wide) in paragraph at lines 5082--5083
[]\TU/lmr/m/n/10 Week|  
 []


Overfull \hbox (3.19847pt too wide) in paragraph at lines 5084--5085
\TU/lmr/m/n/10 Beginning|  
 []


Overfull \hbox (1.67987pt too wide) in alignment at lines 5079--5091
 [] [] [] [] 
 []


Overfull \hbox (1.67987pt too wide) in alignment at lines 5091--5246
 [] [] [] [] 
 []

[103] [104

]

Package bibentry Warning: You have used \nobibliography* 
(bibentry)                without a following \bibliography.
(bibentry)                You may not be able to run BibTeX.

Package atveryend Info: Empty hook `BeforeClearDocument' on input line 5283.
[105]
Package atveryend Info: Empty hook `AfterLastShipout' on input line 5283.
(./c370-lab-manual.aux)
Package atveryend Info: Empty hook `AtVeryEndDocument' on input line 5283.
Package atveryend Info: Executing hook `AtEndAfterFileList' on input line 5283.

Package rerunfilecheck Info: File `c370-lab-manual.out' has not changed.
(rerunfilecheck)             Checksum: CF5C71C1175B9DA8796D8517F2067966;8386.

LaTeX Warning: There were multiply-defined labels.

Package atveryend Info: Empty hook `AtVeryVeryEnd' on input line 5283.
 ) 
Here is how much of TeX's memory you used:
 16398 strings out of 481772
 292449 string characters out of 5936452
 658148 words of memory out of 5000000
 33046 multiletter control sequences out of 15000+600000
 538164 words of font info for 78 fonts, out of 8000000 for 9000
 14 hyphenation exceptions out of 8191
 62i,12n,71p,1211b,604s stack positions out of 5000i,500n,10000p,200000b,80000s

Output written on c370-lab-manual.pdf (105 pages).
